<?xml version="1.0" encoding="UTF-8"?>
<testng-results ignored="0" total="1" passed="1" failed="0" skipped="0">
  <reporter-output>
  </reporter-output>
  <suite started-at="2021-12-16T17:44:42 IST" name="Suite" finished-at="2021-12-16T17:45:12 IST" duration-ms="30119">
    <groups>
    </groups>
    <test started-at="2021-12-16T17:44:42 IST" name="Test" finished-at="2021-12-16T17:45:12 IST" duration-ms="30119">
      <class name="crm_com_pom.test1">
        <test-method is-config="true" signature="configBM()[pri:0, instance:crm_com_pom.test1@6e20b53a]" started-at="2021-12-16T17:44:42 IST" name="configBM" finished-at="2021-12-16T17:44:59 IST" duration-ms="16457" status="PASS">
          <reporter-output>
          </reporter-output>
        </test-method> <!-- configBM -->
        <test-method signature="tc1()[pri:0, instance:crm_com_pom.test1@6e20b53a]" started-at="2021-12-16T17:44:59 IST" name="tc1" finished-at="2021-12-16T17:45:12 IST" duration-ms="13563" status="PASS">
          <reporter-output>
          </reporter-output>
        </test-method> <!-- tc1 -->
      </class> <!-- crm_com_pom.test1 -->
    </test> <!-- Test -->
  </suite> <!-- Suite -->
</testng-results>
